-------------------------------------------------------------------------------
Test set: com.apress.demo.SpringbootMvcRestDemoApplicationTest
-------------------------------------------------------------------------------
Tests run: 5, Failures: 0, Errors: 1, Skipped: 0, Time elapsed: 32.457 s <<< FAILURE! - in com.apress.demo.SpringbootMvcRestDemoApplicationTest
testDeletePost(com.apress.demo.SpringbootMvcRestDemoApplicationTest)  Time elapsed: 0.445 s  <<< ERROR!
org.springframework.web.client.HttpServerErrorException: 500 null
	at com.apress.demo.SpringbootMvcRestDemoApplicationTest.testDeletePost(SpringbootMvcRestDemoApplicationTest.java:87)

